android-videostreamdecodingsample/app/build/intermediates/manifest_merge_blame_file/debug/manifest-merger-blame-debug-report.txt
1<?xml version="1.0" encoding="utf-8"?>
2<manifest xmlns:android="http://schemas.android.com/apk/res/android"
3    package="com.dji.videostreamdecodingsample" >
4
5    <uses-sdk
6        android:minSdkVersion="19"
6-->src/main/AndroidManifest.xml
7        android:targetSdkVersion="30" />
7-->src/main/AndroidManifest.xml
8
9    <uses-permission android:name="android.permission.VIBRATE" />
9-->src/main/AndroidManifest.xml:5:5-65
9-->src/main/AndroidManifest.xml:5:22-63
10    <uses-permission android:name="android.permission.INTERNET" />
10-->src/main/AndroidManifest.xml:6:5-66
10-->src/main/AndroidManifest.xml:6:22-64
11    <uses-permission android:name="android.permission.ACCESS_WIFI_STATE" />
11-->src/main/AndroidManifest.xml:7:5-75
11-->src/main/AndroidManifest.xml:7:22-73
12    <uses-permission android:name="android.permission.WAKE_LOCK" />
12-->src/main/AndroidManifest.xml:8:5-67
12-->src/main/AndroidManifest.xml:8:22-65
13    <uses-permission android:name="android.permission.ACCESS_COARSE_LOCATION" />
13-->src/main/AndroidManifest.xml:9:5-80
13-->src/main/AndroidManifest.xml:9:22-78
14    <uses-permission android:name="android.permission.ACCESS_NETWORK_STATE" />
14-->src/main/AndroidManifest.xml:10:5-78
14-->src/main/AndroidManifest.xml:10:22-76
15    <uses-permission android:name="android.permission.ACCESS_FINE_LOCATION" />
15-->src/main/AndroidManifest.xml:11:5-78
15-->src/main/AndroidManifest.xml:11:22-76
16    <uses-permission android:name="android.permission.CHANGE_WIFI_STATE" />
16-->src/main/AndroidManifest.xml:12:5-75
16-->src/main/AndroidManifest.xml:12:22-73
17    <uses-permission android:name="android.permission.MOUNT_UNMOUNT_FILESYSTEMS" />
17-->src/main/AndroidManifest.xml:13:5-83
17-->src/main/AndroidManifest.xml:13:22-81
18    <uses-permission android:name="android.permission.WRITE_EXTERNAL_STORAGE" />
18-->src/main/AndroidManifest.xml:14:5-80
18-->src/main/AndroidManifest.xml:14:22-78
19    <uses-permission android:name="android.permission.READ_EXTERNAL_STORAGE" />
19-->src/main/AndroidManifest.xml:15:5-79
19-->src/main/AndroidManifest.xml:15:22-77
20    <uses-permission android:name="android.permission.SYSTEM_ALERT_WINDOW" />
20-->src/main/AndroidManifest.xml:16:5-77
20-->src/main/AndroidManifest.xml:16:22-75
21    <uses-permission android:name="android.permission.READ_PHONE_STATE" />
21-->src/main/AndroidManifest.xml:17:5-74
21-->src/main/AndroidManifest.xml:17:22-72
22    <uses-permission android:name="android.permission.BLUETOOTH" />
22-->src/main/AndroidManifest.xml:18:5-67
22-->src/main/AndroidManifest.xml:18:22-65
23    <uses-permission android:name="android.permission.BLUETOOTH_ADMIN" />
23-->src/main/AndroidManifest.xml:19:5-74
23-->src/main/AndroidManifest.xml:19:22-71
24
25    <uses-feature android:name="android.hardware.camera" />
25-->src/main/AndroidManifest.xml:21:5-59
25-->src/main/AndroidManifest.xml:21:19-57
26    <uses-feature android:name="android.hardware.camera.autofocus" />
26-->src/main/AndroidManifest.xml:22:5-69
26-->src/main/AndroidManifest.xml:22:19-67
27    <uses-feature
27-->src/main/AndroidManifest.xml:23:5-25:35
28        android:name="android.hardware.usb.host"
28-->src/main/AndroidManifest.xml:24:9-49
29        android:required="false" />
29-->src/main/AndroidManifest.xml:25:9-33
30    <uses-feature
30-->src/main/AndroidManifest.xml:26:5-28:34
31        android:name="android.hardware.usb.accessory"
31-->src/main/AndroidManifest.xml:27:9-54
32        android:required="true" />
32-->src/main/AndroidManifest.xml:28:9-32
33
34    <uses-permission android:name="android.permission.CHANGE_NETWORK_STATE" /> <!-- video editor -->
34-->[com.dji:dji-sdk:4.15.1] AndroidManifest.xml:19:5-79
34-->[com.dji:dji-sdk:4.15.1] AndroidManifest.xml:19:22-76
35    <uses-permission android:name="android.permission.KILL_BACKGROUND_PROCESSES" />
35-->[com.dji:dji-sdk:4.15.1] AndroidManifest.xml:23:5-84
35-->[com.dji:dji-sdk:4.15.1] AndroidManifest.xml:23:22-81
36
37    <uses-feature
37-->[com.mapzen.android:lost:3.0.4] AndroidManifest.xml:9:5-11:36
38        android:name="android.hardware.sensor.accelerometer"
38-->[com.mapzen.android:lost:3.0.4] AndroidManifest.xml:10:9-61
39        android:required="false" />
39-->[com.mapzen.android:lost:3.0.4] AndroidManifest.xml:11:9-33
40    <uses-feature android:name="android.hardware.location" />
40-->[com.mapzen.android:lost:3.0.4] AndroidManifest.xml:12:5-62
40-->[com.mapzen.android:lost:3.0.4] AndroidManifest.xml:12:19-59
41    <uses-feature
41-->[com.mapzen.android:lost:3.0.4] AndroidManifest.xml:13:5-15:36
42        android:name="android.hardware.location.gps"
42-->[com.mapzen.android:lost:3.0.4] AndroidManifest.xml:14:9-53
43        android:required="false" />
43-->[com.mapzen.android:lost:3.0.4] AndroidManifest.xml:15:9-33
44    <uses-feature
44-->[com.mapzen.android:lost:3.0.4] AndroidManifest.xml:16:5-18:36
45        android:name="android.hardware.telephony"
45-->[com.mapzen.android:lost:3.0.4] AndroidManifest.xml:17:9-50
46        android:required="false" />
46-->[com.mapzen.android:lost:3.0.4] AndroidManifest.xml:18:9-33
47    <uses-feature android:name="android.hardware.wifi" />
47-->[com.mapzen.android:lost:3.0.4] AndroidManifest.xml:19:5-58
47-->[com.mapzen.android:lost:3.0.4] AndroidManifest.xml:19:19-55
48
49    <application
49-->src/main/AndroidManifest.xml:30:5-60:19
50        android:name="com.dji.videostreamdecodingsample.VideoDecodingApplication"
50-->src/main/AndroidManifest.xml:31:9-49
51        android:allowBackup="true"
51-->src/main/AndroidManifest.xml:32:9-35
52        android:appComponentFactory="androidx.core.app.CoreComponentFactory"
52-->[androidx.core:core:1.3.2] AndroidManifest.xml:24:18-86
53        android:debuggable="true"
54        android:label="@string/app_name_decoding_sample"
54-->src/main/AndroidManifest.xml:33:9-57
55        android:supportsRtl="true"
55-->src/main/AndroidManifest.xml:34:9-35
56        android:testOnly="true"
57        android:theme="@style/AppTheme" >
57-->src/main/AndroidManifest.xml:35:9-40
58        <uses-library
58-->src/main/AndroidManifest.xml:37:9-88
59            android:name="org.apache.http.legacy"
59-->src/main/AndroidManifest.xml:37:23-60
60            android:required="false" />
60-->src/main/AndroidManifest.xml:37:61-85
61
62        <meta-data
62-->src/main/AndroidManifest.xml:39:9-41:55
63            android:name="com.dji.sdk.API_KEY"
63-->src/main/AndroidManifest.xml:40:13-47
64            android:value="5b0dc0881aa3865e187852a2" />
64-->src/main/AndroidManifest.xml:41:13-53
65
66        <activity
66-->src/main/AndroidManifest.xml:43:9-55:20
67            android:name="com.dji.videostreamdecodingsample.ConnectionActivity"
67-->src/main/AndroidManifest.xml:44:13-47
68            android:launchMode="singleTop"
68-->src/main/AndroidManifest.xml:45:13-43
69            android:screenOrientation="portrait" >
69-->src/main/AndroidManifest.xml:46:13-49
70            <intent-filter>
70-->src/main/AndroidManifest.xml:47:13-51:29
71                <action android:name="android.intent.action.MAIN" />
71-->src/main/AndroidManifest.xml:48:17-68
71-->src/main/AndroidManifest.xml:48:25-66
72
73                <category android:name="android.intent.category.LAUNCHER" />
73-->src/main/AndroidManifest.xml:49:17-76
73-->src/main/AndroidManifest.xml:49:27-74
74
75                <action android:name="android.hardware.usb.action.USB_ACCESSORY_ATTACHED" />
75-->src/main/AndroidManifest.xml:50:17-92
75-->src/main/AndroidManifest.xml:50:25-90
76            </intent-filter>
77
78            <meta-data
78-->src/main/AndroidManifest.xml:52:13-54:59
79                android:name="android.hardware.usb.action.USB_ACCESSORY_ATTACHED"
79-->src/main/AndroidManifest.xml:53:17-82
80                android:resource="@xml/accessory_filter" />
80-->src/main/AndroidManifest.xml:54:17-57
81        </activity>
82        <activity
82-->src/main/AndroidManifest.xml:56:9-59:83
83            android:name="com.dji.videostreamdecodingsample.MainActivity"
83-->src/main/AndroidManifest.xml:56:19-47
84            android:configChanges="orientation|screenSize"
84-->src/main/AndroidManifest.xml:58:13-59
85            android:screenOrientation="landscape"
85-->src/main/AndroidManifest.xml:57:13-50
86            android:theme="@android:style/Theme.NoTitleBar.Fullscreen" />
86-->src/main/AndroidManifest.xml:59:13-71
87
88        <service
88-->[com.dji:dji-sdk:4.15.1] AndroidManifest.xml:42:9-44:43
89            android:name="dji.sdk.sdkmanager.DJIGlobalService"
89-->[com.dji:dji-sdk:4.15.1] AndroidManifest.xml:43:13-63
90            android:stopWithTask="true" />
90-->[com.dji:dji-sdk:4.15.1] AndroidManifest.xml:44:13-40
91
92        <receiver
92-->[com.dji:dji-sdk:4.15.1] AndroidManifest.xml:46:9-53:20
93            android:name="dji.logic.receiver.DJIPilotStartupReceiver"
93-->[com.dji:dji-sdk:4.15.1] AndroidManifest.xml:47:13-70
94            android:exported="true" >
94-->[com.dji:dji-sdk:4.15.1] AndroidManifest.xml:48:13-36
95            <intent-filter>
95-->[com.dji:dji-sdk:4.15.1] AndroidManifest.xml:49:13-52:29
96                <action android:name="dji.go3.STARTUP" />
96-->[com.dji:dji-sdk:4.15.1] AndroidManifest.xml:50:17-58
96-->[com.dji:dji-sdk:4.15.1] AndroidManifest.xml:50:25-55
97                <action android:name="dji.go4.STARTUP" />
97-->[com.dji:dji-sdk:4.15.1] AndroidManifest.xml:51:17-58
97-->[com.dji:dji-sdk:4.15.1] AndroidManifest.xml:51:25-55
98            </intent-filter>
99        </receiver>
100
101        <service
101-->[com.mapzen.android:lost:3.0.4] AndroidManifest.xml:22:9-24:39
102            android:name="com.mapzen.android.lost.internal.FusedLocationProviderService"
102-->[com.mapzen.android:lost:3.0.4] AndroidManifest.xml:23:13-89
103            android:process=":lost" />
103-->[com.mapzen.android:lost:3.0.4] AndroidManifest.xml:24:13-36
104        <service android:name="com.mapzen.android.lost.internal.GeofencingIntentService" >
104-->[com.mapzen.android:lost:3.0.4] AndroidManifest.xml:25:9-29:19
104-->[com.mapzen.android:lost:3.0.4] AndroidManifest.xml:25:18-89
105            <intent-filter>
105-->[com.mapzen.android:lost:3.0.4] AndroidManifest.xml:26:13-28:29
106                <action android:name="com.mapzen.lost.action.ACTION_GEOFENCING_SERVICE" />
106-->[com.mapzen.android:lost:3.0.4] AndroidManifest.xml:27:17-91
106-->[com.mapzen.android:lost:3.0.4] AndroidManifest.xml:27:25-88
107            </intent-filter>
108        </service>
109        <service android:name="com.mapzen.android.lost.internal.DwellIntentService" >
109-->[com.mapzen.android:lost:3.0.4] AndroidManifest.xml:30:9-31:19
109-->[com.mapzen.android:lost:3.0.4] AndroidManifest.xml:30:18-84
110        </service>
111
112        <provider
112-->[androidx.lifecycle:lifecycle-process:2.2.0] AndroidManifest.xml:25:9-29:43
113            android:name="androidx.lifecycle.ProcessLifecycleOwnerInitializer"
113-->[androidx.lifecycle:lifecycle-process:2.2.0] AndroidManifest.xml:26:13-79
114            android:authorities="com.dji.videostreamdecodingsample.lifecycle-process"
114-->[androidx.lifecycle:lifecycle-process:2.2.0] AndroidManifest.xml:27:13-69
115            android:exported="false"
115-->[androidx.lifecycle:lifecycle-process:2.2.0] AndroidManifest.xml:28:13-37
116            android:multiprocess="true" />
116-->[androidx.lifecycle:lifecycle-process:2.2.0] AndroidManifest.xml:29:13-40
117    </application>
118
119</manifest>